F:\SOFTWARE\用C表达面向对象语言的机制——C#版\T2\C_LANGUAGE\DEBUG\T2.EXE
F:\SOFTWARE\用C表达面向对象语言的机制——C#版\T2\C_LANGUAGE\DEBUG\T2.EXE.MANIFEST
F:\SOFTWARE\用C表达面向对象语言的机制——C#版\T2\C_LANGUAGE\DEBUG\T2.ILK
F:\SOFTWARE\用C表达面向对象语言的机制——C#版\T2\C_LANGUAGE\DEBUG\T2.PDB
F:\SOFTWARE\用C表达面向对象语言的机制——C#版\T2\C_LANGUAGE\T2\DEBUG\MAIN_HASHTABLE.OBJ
F:\SOFTWARE\用C表达面向对象语言的机制——C#版\T2\C_LANGUAGE\T2\DEBUG\MAIN1.OBJ
F:\SOFTWARE\用C表达面向对象语言的机制——C#版\T2\C_LANGUAGE\T2\DEBUG\MAIN3.OBJ
F:\SOFTWARE\用C表达面向对象语言的机制——C#版\T2\C_LANGUAGE\T2\DEBUG\T2.EXE.INTERMEDIATE.MANIFEST
F:\SOFTWARE\用C表达面向对象语言的机制——C#版\T2\C_LANGUAGE\T2\DEBUG\VC100.PDB
G:\C\C_language\Debug\t2.exe
G:\C\C_language\Debug\t2.exe.manifest
G:\C\C_language\Debug\t2.ilk
G:\C\C_language\Debug\t2.pdb
G:\C\C_language\t2\Debug\cl.command.1.tlog
G:\C\C_language\t2\Debug\CL.read.1.tlog
G:\C\C_language\t2\Debug\CL.write.1.tlog
G:\C\C_language\t2\Debug\link.command.1.tlog
G:\C\C_language\t2\Debug\link.read.1.tlog
G:\C\C_language\t2\Debug\link.write.1.tlog
G:\C\C_language\t2\Debug\main_hashtable.obj
G:\C\C_language\t2\Debug\main1.obj
G:\C\C_language\t2\Debug\main3.obj
G:\C\C_language\t2\Debug\mt.command.1.tlog
G:\C\C_language\t2\Debug\mt.read.1.tlog
G:\C\C_language\t2\Debug\mt.write.1.tlog
G:\C\C_language\t2\Debug\t2.exe.intermediate.manifest
G:\C\C_language\t2\Debug\t2.vcxprojResolveAssemblyReference.cache
G:\C\C_language\t2\Debug\t2.write.1.tlog
G:\C\C_language\t2\Debug\vc100.idb
G:\C\C_language\t2\Debug\vc100.pdb
